[debug] [2019-04-14T22:28:06.973Z] ----------------------------------------------------------------------
[debug] [2019-04-14T22:28:06.976Z] Command:       C:\Program Files\nodejs\node.exe C:\Users\anthony\AppData\Roaming\npm\node_modules\firebase-tools\lib\bin\firebase.js init
[debug] [2019-04-14T22:28:06.976Z] CLI Version:   6.6.0
[debug] [2019-04-14T22:28:06.976Z] Platform:      win32
[debug] [2019-04-14T22:28:06.977Z] Node Version:  v8.11.3
[debug] [2019-04-14T22:28:06.977Z] Time:          Sun Apr 14 2019 15:28:06 GMT-0700 (Pacific Daylight Time)
[debug] [2019-04-14T22:28:06.977Z] ----------------------------------------------------------------------
[debug] 
[debug] [2019-04-14T22:28:06.987Z] > command requires scopes: ["email","openid","https://www.googleapis.com/auth/cloudplatformprojects.readonly","https://www.googleapis.com/auth/firebase","https://www.googleapis.com/auth/cloud-platform"]
[debug] [2019-04-14T22:28:06.988Z] > authorizing via signed-in user
[info] 
     ######## #### ########  ######## ########     ###     ######  ########
     ##        ##  ##     ## ##       ##     ##  ##   ##  ##       ##
     ######    ##  ########  ######   ########  #########  ######  ######
     ##        ##  ##    ##  ##       ##     ## ##     ##       ## ##
     ##       #### ##     ## ######## ########  ##     ##  ######  ########

You're about to initialize a Firebase project in this directory:

  C:\Users\anthony\Desktop\portfolio_website

[info] 
=== Project Setup
[info] 
[info] First, let's associate this project directory with a Firebase project.
[info] You can create multiple project aliases by running firebase use --add, 
[info] but for now we'll just set up a default project.
[info] 
[debug] [2019-04-14T22:28:56.575Z] > refreshing access token with scopes: ["email","https://www.googleapis.com/auth/cloud-platform","https://www.googleapis.com/auth/cloudplatformprojects.readonly","https://www.googleapis.com/auth/firebase","openid"]
[debug] [2019-04-14T22:28:56.576Z] >>> HTTP REQUEST POST https://www.googleapis.com/oauth2/v3/token  
 <request body omitted>
[debug] [2019-04-14T22:28:56.956Z] <<< HTTP RESPONSE 200
[debug] [2019-04-14T22:28:56.963Z] >>> HTTP REQUEST GET https://firebase.googleapis.com/v1beta1/projects?page_size=100  
 
[debug] [2019-04-14T22:28:57.534Z] <<< HTTP RESPONSE 200
[debug] [2019-04-14T22:29:39.333Z] ----------------------------------------------------------------------
[debug] [2019-04-14T22:29:39.335Z] Command:       C:\Program Files\nodejs\node.exe C:\Users\anthony\AppData\Roaming\npm\node_modules\firebase-tools\lib\bin\firebase.js init
[debug] [2019-04-14T22:29:39.336Z] CLI Version:   6.6.0
[debug] [2019-04-14T22:29:39.336Z] Platform:      win32
[debug] [2019-04-14T22:29:39.336Z] Node Version:  v8.11.3
[debug] [2019-04-14T22:29:39.337Z] Time:          Sun Apr 14 2019 15:29:39 GMT-0700 (Pacific Daylight Time)
[debug] [2019-04-14T22:29:39.337Z] ----------------------------------------------------------------------
[debug] 
[debug] [2019-04-14T22:29:39.347Z] > command requires scopes: ["email","openid","https://www.googleapis.com/auth/cloudplatformprojects.readonly","https://www.googleapis.com/auth/firebase","https://www.googleapis.com/auth/cloud-platform"]
[debug] [2019-04-14T22:29:39.348Z] > authorizing via signed-in user
[info] 
     ######## #### ########  ######## ########     ###     ######  ########
     ##        ##  ##     ## ##       ##     ##  ##   ##  ##       ##
     ######    ##  ########  ######   ########  #########  ######  ######
     ##        ##  ##    ##  ##       ##     ## ##     ##       ## ##
     ##       #### ##     ## ######## ########  ##     ##  ######  ########

You're about to initialize a Firebase project in this directory:

  C:\Users\anthony\Desktop\portfolio_website

